<?xml version="1.0" encoding="UTF-8"?>
<testng-results skipped="0" failed="0" total="1" passed="1">
  <reporter-output>
  </reporter-output>
  <suite name="Test 02 NashTech" duration-ms="20306" started-at="2018-10-03T10:48:10Z" finished-at="2018-10-03T10:48:30Z">
    <groups>
    </groups>
    <test name="Verify upload image" duration-ms="20306" started-at="2018-10-03T10:48:10Z" finished-at="2018-10-03T10:48:30Z">
      <class name="test.Test2">
        <test-method status="PASS" signature="beforeTest()[pri:0, instance:test.Test2@615a8006]" name="beforeTest" is-config="true" duration-ms="10492" started-at="2018-10-03T17:48:10Z" finished-at="2018-10-03T17:48:20Z">
          <reporter-output>
          </reporter-output>
        </test-method> <!-- beforeTest -->
        <test-method status="PASS" signature="testUploadFile()[pri:0, instance:test.Test2@615a8006]" name="testUploadFile" duration-ms="9793" started-at="2018-10-03T17:48:20Z" finished-at="2018-10-03T17:48:30Z">
          <reporter-output>
          </reporter-output>
        </test-method> <!-- testUploadFile -->
        <test-method status="PASS" signature="afterTest()[pri:0, instance:test.Test2@615a8006]" name="afterTest" is-config="true" duration-ms="7" started-at="2018-10-03T17:48:30Z" finished-at="2018-10-03T17:48:30Z">
          <reporter-output>
          </reporter-output>
        </test-method> <!-- afterTest -->
      </class> <!-- test.Test2 -->
    </test> <!-- Verify upload image -->
  </suite> <!-- Test 02 NashTech -->
</testng-results>
